<?xml version="1.0" encoding="UTF-8"?>
<!-- Generated by org.testng.reporters.JUnitReportReporter -->
<testsuite skipped="0" hostname="LAPTOP-PP7LTPN0" name="kdf.Application" tests="1" failures="0" timestamp="04 Jul 2020 17:04:36 GMT" time="103.457" errors="0">
  <testcase name="verifyInvalidLogin" time="103.457" classname="kdf.Application"/>
</testsuite> <!-- kdf.Application -->
